2023-12-18 17:12:305 INFO  HomePage :41 - Clicking on computer page link : [[ChromeDriver: chrome on windows (aaf9de2c8de1c2b806bc331c70b2023c)] -> xpath: //ul[@class='top-menu notmobile']//a[normalize-space()='Computers']]
2023-12-18 17:12:148 INFO  ComputerPage :32 - Clicking On Desktops menu : [[ChromeDriver: chrome on windows (aaf9de2c8de1c2b806bc331c70b2023c)] -> xpath: //li[@class='active last']//a[normalize-space()='Desktops']]
2023-12-18 17:12:985 INFO  DesktopsPage :32 - Clicking On Build Your Computer link : [[ChromeDriver: chrome on windows (aaf9de2c8de1c2b806bc331c70b2023c)] -> xpath: //h2[@class='product-title']//a[normalize-space()='Build your own computer']]
2023-12-18 17:12:309 INFO  BuildYourOwnComputerPage :65 - Selecting processor from drop-down : [[ChromeDriver: chrome on windows (aaf9de2c8de1c2b806bc331c70b2023c)] -> xpath: //select[@id='product_attribute_1']]
2023-12-18 17:12:500 INFO  BuildYourOwnComputerPage :70 - Selecting RAM from drop-down : [[ChromeDriver: chrome on windows (aaf9de2c8de1c2b806bc331c70b2023c)] -> xpath: //select[@id='product_attribute_2']]
2023-12-18 17:12:632 INFO  BuildYourOwnComputerPage :75 - Selecting 320GB HDD : [[ChromeDriver: chrome on windows (aaf9de2c8de1c2b806bc331c70b2023c)] -> xpath: //input[@id='product_attribute_3_6']]
2023-12-18 17:12:747 INFO  BuildYourOwnComputerPage :85 - Selecting Vista Home OS : [[ChromeDriver: chrome on windows (aaf9de2c8de1c2b806bc331c70b2023c)] -> xpath: //input[@id='product_attribute_4_8']]
2023-12-18 17:12:867 INFO  BuildYourOwnComputerPage :95 - Clicking on Microsoft Office Software : [[ChromeDriver: chrome on windows (aaf9de2c8de1c2b806bc331c70b2023c)] -> xpath: //input[@id='product_attribute_5_10']]
2023-12-18 17:12:964 INFO  BuildYourOwnComputerPage :95 - Clicking on Microsoft Office Software : [[ChromeDriver: chrome on windows (aaf9de2c8de1c2b806bc331c70b2023c)] -> xpath: //input[@id='product_attribute_5_10']]
2023-12-18 17:12:91 INFO  BuildYourOwnComputerPage :110 - Clicking on Add to Cart : [[ChromeDriver: chrome on windows (aaf9de2c8de1c2b806bc331c70b2023c)] -> xpath: //button[@id='add-to-cart-button-1']]
2023-12-18 17:12:784 INFO  BuildYourOwnComputerPage :114 - Getting Add to cart success message : [[ChromeDriver: chrome on windows (aaf9de2c8de1c2b806bc331c70b2023c)] -> xpath: //p[@class='content']]
2023-12-18 17:12:525 INFO  HomePage :41 - Clicking on computer page link : [[ChromeDriver: chrome on windows (da1492be726542adf5ef7f1279641533)] -> xpath: //ul[@class='top-menu notmobile']//a[normalize-space()='Computers']]
2023-12-18 17:12:190 INFO  ComputerPage :32 - Clicking On Desktops menu : [[ChromeDriver: chrome on windows (da1492be726542adf5ef7f1279641533)] -> xpath: //li[@class='active last']//a[normalize-space()='Desktops']]
2023-12-18 17:12:325 INFO  DesktopsPage :32 - Clicking On Build Your Computer link : [[ChromeDriver: chrome on windows (da1492be726542adf5ef7f1279641533)] -> xpath: //h2[@class='product-title']//a[normalize-space()='Build your own computer']]
2023-12-18 17:12:543 INFO  BuildYourOwnComputerPage :65 - Selecting processor from drop-down : [[ChromeDriver: chrome on windows (da1492be726542adf5ef7f1279641533)] -> xpath: //select[@id='product_attribute_1']]
2023-12-18 17:12:746 INFO  BuildYourOwnComputerPage :70 - Selecting RAM from drop-down : [[ChromeDriver: chrome on windows (da1492be726542adf5ef7f1279641533)] -> xpath: //select[@id='product_attribute_2']]
2023-12-18 17:12:890 INFO  BuildYourOwnComputerPage :80 - Selecting 400GB HDD : [[ChromeDriver: chrome on windows (da1492be726542adf5ef7f1279641533)] -> xpath: //input[@id='product_attribute_3_7']]
2023-12-18 17:12:998 INFO  BuildYourOwnComputerPage :90 - Selecting Vista Premier OS : [[ChromeDriver: chrome on windows (da1492be726542adf5ef7f1279641533)] -> xpath: //input[@id='product_attribute_4_9']]
2023-12-18 17:12:118 INFO  BuildYourOwnComputerPage :95 - Clicking on Microsoft Office Software : [[ChromeDriver: chrome on windows (da1492be726542adf5ef7f1279641533)] -> xpath: //input[@id='product_attribute_5_10']]
2023-12-18 17:12:243 INFO  BuildYourOwnComputerPage :100 - Clicking on Acrobat Reader Software : [[ChromeDriver: chrome on windows (da1492be726542adf5ef7f1279641533)] -> xpath: //input[@id='product_attribute_5_11']]
2023-12-18 17:12:370 INFO  BuildYourOwnComputerPage :110 - Clicking on Add to Cart : [[ChromeDriver: chrome on windows (da1492be726542adf5ef7f1279641533)] -> xpath: //button[@id='add-to-cart-button-1']]
2023-12-18 17:12:727 INFO  BuildYourOwnComputerPage :114 - Getting Add to cart success message : [[ChromeDriver: chrome on windows (da1492be726542adf5ef7f1279641533)] -> xpath: //p[@class='content']]
2023-12-18 17:12:594 INFO  HomePage :41 - Clicking on computer page link : [[ChromeDriver: chrome on windows (5e82854c763d71bd803b2b224342e6a5)] -> xpath: //ul[@class='top-menu notmobile']//a[normalize-space()='Computers']]
2023-12-18 17:12:320 INFO  ComputerPage :32 - Clicking On Desktops menu : [[ChromeDriver: chrome on windows (5e82854c763d71bd803b2b224342e6a5)] -> xpath: //li[@class='active last']//a[normalize-space()='Desktops']]
2023-12-18 17:12:93 INFO  DesktopsPage :32 - Clicking On Build Your Computer link : [[ChromeDriver: chrome on windows (5e82854c763d71bd803b2b224342e6a5)] -> xpath: //h2[@class='product-title']//a[normalize-space()='Build your own computer']]
2023-12-18 17:12:266 INFO  BuildYourOwnComputerPage :65 - Selecting processor from drop-down : [[ChromeDriver: chrome on windows (5e82854c763d71bd803b2b224342e6a5)] -> xpath: //select[@id='product_attribute_1']]
2023-12-18 17:12:480 INFO  BuildYourOwnComputerPage :70 - Selecting RAM from drop-down : [[ChromeDriver: chrome on windows (5e82854c763d71bd803b2b224342e6a5)] -> xpath: //select[@id='product_attribute_2']]
2023-12-18 17:12:614 INFO  BuildYourOwnComputerPage :75 - Selecting 320GB HDD : [[ChromeDriver: chrome on windows (5e82854c763d71bd803b2b224342e6a5)] -> xpath: //input[@id='product_attribute_3_6']]
2023-12-18 17:12:748 INFO  BuildYourOwnComputerPage :90 - Selecting Vista Premier OS : [[ChromeDriver: chrome on windows (5e82854c763d71bd803b2b224342e6a5)] -> xpath: //input[@id='product_attribute_4_9']]
2023-12-18 17:12:862 INFO  BuildYourOwnComputerPage :95 - Clicking on Microsoft Office Software : [[ChromeDriver: chrome on windows (5e82854c763d71bd803b2b224342e6a5)] -> xpath: //input[@id='product_attribute_5_10']]
2023-12-18 17:12:972 INFO  BuildYourOwnComputerPage :105 - Clicking on Total Commander Software : [[ChromeDriver: chrome on windows (5e82854c763d71bd803b2b224342e6a5)] -> xpath: //input[@id='product_attribute_5_12']]
2023-12-18 17:12:78 INFO  BuildYourOwnComputerPage :110 - Clicking on Add to Cart : [[ChromeDriver: chrome on windows (5e82854c763d71bd803b2b224342e6a5)] -> xpath: //button[@id='add-to-cart-button-1']]
2023-12-18 17:12:309 INFO  BuildYourOwnComputerPage :114 - Getting Add to cart success message : [[ChromeDriver: chrome on windows (5e82854c763d71bd803b2b224342e6a5)] -> xpath: //p[@class='content']]
2023-12-18 18:12:775 INFO  HomePage :41 - Clicking on computer page link : [[ChromeDriver: chrome on windows (18b8b4559772098ec9828750a1d71ac2)] -> xpath: //ul[@class='top-menu notmobile']//a[normalize-space()='Computers']]
2023-12-18 18:12:523 INFO  ComputerPage :32 - Clicking On Desktops menu : [[ChromeDriver: chrome on windows (18b8b4559772098ec9828750a1d71ac2)] -> xpath: //li[@class='active last']//a[normalize-space()='Desktops']]
2023-12-18 18:12:234 INFO  DesktopsPage :32 - Clicking On Build Your Computer link : [[ChromeDriver: chrome on windows (18b8b4559772098ec9828750a1d71ac2)] -> xpath: //h2[@class='product-title']//a[normalize-space()='Build your own computer']]
2023-12-18 18:12:503 INFO  BuildYourOwnComputerPage :65 - Selecting processor from drop-down : [[ChromeDriver: chrome on windows (18b8b4559772098ec9828750a1d71ac2)] -> xpath: //select[@id='product_attribute_1']]
2023-12-18 18:12:683 INFO  BuildYourOwnComputerPage :70 - Selecting RAM from drop-down : [[ChromeDriver: chrome on windows (18b8b4559772098ec9828750a1d71ac2)] -> xpath: //select[@id='product_attribute_2']]
2023-12-18 18:12:829 INFO  BuildYourOwnComputerPage :75 - Selecting 320GB HDD : [[ChromeDriver: chrome on windows (18b8b4559772098ec9828750a1d71ac2)] -> xpath: //input[@id='product_attribute_3_6']]
2023-12-18 18:12:964 INFO  BuildYourOwnComputerPage :85 - Selecting Vista Home OS : [[ChromeDriver: chrome on windows (18b8b4559772098ec9828750a1d71ac2)] -> xpath: //input[@id='product_attribute_4_8']]
2023-12-18 18:12:87 INFO  BuildYourOwnComputerPage :95 - Clicking on Microsoft Office Software : [[ChromeDriver: chrome on windows (18b8b4559772098ec9828750a1d71ac2)] -> xpath: //input[@id='product_attribute_5_10']]
2023-12-18 18:12:181 INFO  BuildYourOwnComputerPage :95 - Clicking on Microsoft Office Software : [[ChromeDriver: chrome on windows (18b8b4559772098ec9828750a1d71ac2)] -> xpath: //input[@id='product_attribute_5_10']]
2023-12-18 18:12:293 INFO  BuildYourOwnComputerPage :110 - Clicking on Add to Cart : [[ChromeDriver: chrome on windows (18b8b4559772098ec9828750a1d71ac2)] -> xpath: //button[@id='add-to-cart-button-1']]
2023-12-18 18:12:989 INFO  BuildYourOwnComputerPage :114 - Getting Add to cart success message : [[ChromeDriver: chrome on windows (18b8b4559772098ec9828750a1d71ac2)] -> xpath: //p[@class='content']]
2023-12-18 18:12:143 INFO  HomePage :41 - Clicking on computer page link : [[ChromeDriver: chrome on windows (092314922cdc1e7de48ad2566b677cdd)] -> xpath: //ul[@class='top-menu notmobile']//a[normalize-space()='Computers']]
2023-12-18 18:12:911 INFO  ComputerPage :32 - Clicking On Desktops menu : [[ChromeDriver: chrome on windows (092314922cdc1e7de48ad2566b677cdd)] -> xpath: //li[@class='active last']//a[normalize-space()='Desktops']]
2023-12-18 18:12:556 INFO  DesktopsPage :32 - Clicking On Build Your Computer link : [[ChromeDriver: chrome on windows (092314922cdc1e7de48ad2566b677cdd)] -> xpath: //h2[@class='product-title']//a[normalize-space()='Build your own computer']]
2023-12-18 18:12:738 INFO  BuildYourOwnComputerPage :65 - Selecting processor from drop-down : [[ChromeDriver: chrome on windows (092314922cdc1e7de48ad2566b677cdd)] -> xpath: //select[@id='product_attribute_1']]
2023-12-18 18:12:947 INFO  BuildYourOwnComputerPage :70 - Selecting RAM from drop-down : [[ChromeDriver: chrome on windows (092314922cdc1e7de48ad2566b677cdd)] -> xpath: //select[@id='product_attribute_2']]
2023-12-18 18:12:69 INFO  BuildYourOwnComputerPage :80 - Selecting 400GB HDD : [[ChromeDriver: chrome on windows (092314922cdc1e7de48ad2566b677cdd)] -> xpath: //input[@id='product_attribute_3_7']]
2023-12-18 18:12:192 INFO  BuildYourOwnComputerPage :90 - Selecting Vista Premier OS : [[ChromeDriver: chrome on windows (092314922cdc1e7de48ad2566b677cdd)] -> xpath: //input[@id='product_attribute_4_9']]
2023-12-18 18:12:300 INFO  BuildYourOwnComputerPage :95 - Clicking on Microsoft Office Software : [[ChromeDriver: chrome on windows (092314922cdc1e7de48ad2566b677cdd)] -> xpath: //input[@id='product_attribute_5_10']]
2023-12-18 18:12:403 INFO  BuildYourOwnComputerPage :100 - Clicking on Acrobat Reader Software : [[ChromeDriver: chrome on windows (092314922cdc1e7de48ad2566b677cdd)] -> xpath: //input[@id='product_attribute_5_11']]
2023-12-18 18:12:516 INFO  BuildYourOwnComputerPage :110 - Clicking on Add to Cart : [[ChromeDriver: chrome on windows (092314922cdc1e7de48ad2566b677cdd)] -> xpath: //button[@id='add-to-cart-button-1']]
2023-12-18 18:12:219 INFO  BuildYourOwnComputerPage :114 - Getting Add to cart success message : [[ChromeDriver: chrome on windows (092314922cdc1e7de48ad2566b677cdd)] -> xpath: //p[@class='content']]
2023-12-18 18:12:626 INFO  HomePage :41 - Clicking on computer page link : [[ChromeDriver: chrome on windows (2a94f47bfc6eb603f9d53ed7044139cc)] -> xpath: //ul[@class='top-menu notmobile']//a[normalize-space()='Computers']]
2023-12-18 18:12:295 INFO  ComputerPage :32 - Clicking On Desktops menu : [[ChromeDriver: chrome on windows (2a94f47bfc6eb603f9d53ed7044139cc)] -> xpath: //li[@class='active last']//a[normalize-space()='Desktops']]
2023-12-18 18:12:973 INFO  DesktopsPage :32 - Clicking On Build Your Computer link : [[ChromeDriver: chrome on windows (2a94f47bfc6eb603f9d53ed7044139cc)] -> xpath: //h2[@class='product-title']//a[normalize-space()='Build your own computer']]
2023-12-18 18:12:145 INFO  BuildYourOwnComputerPage :65 - Selecting processor from drop-down : [[ChromeDriver: chrome on windows (2a94f47bfc6eb603f9d53ed7044139cc)] -> xpath: //select[@id='product_attribute_1']]
2023-12-18 18:12:359 INFO  BuildYourOwnComputerPage :70 - Selecting RAM from drop-down : [[ChromeDriver: chrome on windows (2a94f47bfc6eb603f9d53ed7044139cc)] -> xpath: //select[@id='product_attribute_2']]
2023-12-18 18:12:492 INFO  BuildYourOwnComputerPage :75 - Selecting 320GB HDD : [[ChromeDriver: chrome on windows (2a94f47bfc6eb603f9d53ed7044139cc)] -> xpath: //input[@id='product_attribute_3_6']]
2023-12-18 18:12:603 INFO  BuildYourOwnComputerPage :90 - Selecting Vista Premier OS : [[ChromeDriver: chrome on windows (2a94f47bfc6eb603f9d53ed7044139cc)] -> xpath: //input[@id='product_attribute_4_9']]
2023-12-18 18:12:713 INFO  BuildYourOwnComputerPage :95 - Clicking on Microsoft Office Software : [[ChromeDriver: chrome on windows (2a94f47bfc6eb603f9d53ed7044139cc)] -> xpath: //input[@id='product_attribute_5_10']]
2023-12-18 18:12:814 INFO  BuildYourOwnComputerPage :105 - Clicking on Total Commander Software : [[ChromeDriver: chrome on windows (2a94f47bfc6eb603f9d53ed7044139cc)] -> xpath: //input[@id='product_attribute_5_12']]
2023-12-18 18:12:922 INFO  BuildYourOwnComputerPage :110 - Clicking on Add to Cart : [[ChromeDriver: chrome on windows (2a94f47bfc6eb603f9d53ed7044139cc)] -> xpath: //button[@id='add-to-cart-button-1']]
2023-12-18 18:12:599 INFO  BuildYourOwnComputerPage :114 - Getting Add to cart success message : [[ChromeDriver: chrome on windows (2a94f47bfc6eb603f9d53ed7044139cc)] -> xpath: //p[@class='content']]
2023-12-18 18:12:767 INFO  HomePage :51 - Clicking on login link : [[ChromeDriver: chrome on windows (258a07e1e3d0b87be4951fee512e71bb)] -> xpath: //a[normalize-space()='Log in']]
2023-12-18 18:12:28 INFO  LoginPage :45 - Sending text to email field : [[ChromeDriver: chrome on windows (258a07e1e3d0b87be4951fee512e71bb)] -> id: Email]
2023-12-18 18:12:178 INFO  LoginPage :50 - Sending text to password field : [[ChromeDriver: chrome on windows (258a07e1e3d0b87be4951fee512e71bb)] -> id: Password]
2023-12-18 18:12:656 INFO  LoginPage :55 - Clicking on login button : [[ChromeDriver: chrome on windows (258a07e1e3d0b87be4951fee512e71bb)] -> xpath: //button[normalize-space()='Log in']]
2023-12-18 18:12:645 INFO  HomePage :51 - Clicking on login link : [[ChromeDriver: chrome on windows (09c78cb230a7d20e89c5a8e221615464)] -> xpath: //a[normalize-space()='Log in']]
2023-12-18 18:12:847 INFO  LoginPage :45 - Sending text to email field : [[ChromeDriver: chrome on windows (09c78cb230a7d20e89c5a8e221615464)] -> id: Email]
2023-12-18 18:12:22 INFO  LoginPage :50 - Sending text to password field : [[ChromeDriver: chrome on windows (09c78cb230a7d20e89c5a8e221615464)] -> id: Password]
2023-12-18 18:12:397 INFO  LoginPage :55 - Clicking on login button : [[ChromeDriver: chrome on windows (09c78cb230a7d20e89c5a8e221615464)] -> xpath: //button[normalize-space()='Log in']]
2023-12-18 18:12:615 INFO  RegisterPage :152 - Clicking on male radio button : [[ChromeDriver: chrome on windows (ec5e6034ff4a7f37326a2a12d215f16e)] -> id: gender-male]
2023-12-18 18:12:762 INFO  RegisterPage :92 - Sending text to firstname field : [[ChromeDriver: chrome on windows (ec5e6034ff4a7f37326a2a12d215f16e)] -> xpath: //input[@id='FirstName']]
2023-12-18 18:12:900 INFO  RegisterPage :97 - Sending text to lastname field : [[ChromeDriver: chrome on windows (ec5e6034ff4a7f37326a2a12d215f16e)] -> xpath: //input[@id='LastName']]
2023-12-18 18:12:508 INFO  HomePage :41 - Clicking on computer page link : [[ChromeDriver: chrome on windows (d51f54f4fd73f92975b33fae18baced1)] -> xpath: //ul[@class='top-menu notmobile']//a[normalize-space()='Computers']]
2023-12-18 18:12:209 INFO  ComputerPage :32 - Clicking On Desktops menu : [[ChromeDriver: chrome on windows (d51f54f4fd73f92975b33fae18baced1)] -> xpath: //li[@class='active last']//a[normalize-space()='Desktops']]
2023-12-18 18:12:904 INFO  DesktopsPage :32 - Clicking On Build Your Computer link : [[ChromeDriver: chrome on windows (d51f54f4fd73f92975b33fae18baced1)] -> xpath: //h2[@class='product-title']//a[normalize-space()='Build your own computer']]
2023-12-18 18:12:232 INFO  BuildYourOwnComputerPage :65 - Selecting processor from drop-down : [[ChromeDriver: chrome on windows (d51f54f4fd73f92975b33fae18baced1)] -> xpath: //select[@id='product_attribute_1']]
2023-12-18 18:12:432 INFO  BuildYourOwnComputerPage :70 - Selecting RAM from drop-down : [[ChromeDriver: chrome on windows (d51f54f4fd73f92975b33fae18baced1)] -> xpath: //select[@id='product_attribute_2']]
2023-12-18 18:12:568 INFO  BuildYourOwnComputerPage :75 - Selecting 320GB HDD : [[ChromeDriver: chrome on windows (d51f54f4fd73f92975b33fae18baced1)] -> xpath: //input[@id='product_attribute_3_6']]
2023-12-18 18:12:690 INFO  BuildYourOwnComputerPage :85 - Selecting Vista Home OS : [[ChromeDriver: chrome on windows (d51f54f4fd73f92975b33fae18baced1)] -> xpath: //input[@id='product_attribute_4_8']]
2023-12-18 18:12:806 INFO  BuildYourOwnComputerPage :95 - Clicking on Microsoft Office Software : [[ChromeDriver: chrome on windows (d51f54f4fd73f92975b33fae18baced1)] -> xpath: //input[@id='product_attribute_5_10']]
2023-12-18 18:12:897 INFO  BuildYourOwnComputerPage :95 - Clicking on Microsoft Office Software : [[ChromeDriver: chrome on windows (d51f54f4fd73f92975b33fae18baced1)] -> xpath: //input[@id='product_attribute_5_10']]
2023-12-18 18:12:07 INFO  BuildYourOwnComputerPage :110 - Clicking on Add to Cart : [[ChromeDriver: chrome on windows (d51f54f4fd73f92975b33fae18baced1)] -> xpath: //button[@id='add-to-cart-button-1']]
2023-12-18 18:12:271 INFO  BuildYourOwnComputerPage :114 - Getting Add to cart success message : [[ChromeDriver: chrome on windows (d51f54f4fd73f92975b33fae18baced1)] -> xpath: //p[@class='content']]
2023-12-18 18:12:180 INFO  HomePage :41 - Clicking on computer page link : [[ChromeDriver: chrome on windows (55f7009014b74839852a77961464ae20)] -> xpath: //ul[@class='top-menu notmobile']//a[normalize-space()='Computers']]
2023-12-18 18:12:700 INFO  ComputerPage :32 - Clicking On Desktops menu : [[ChromeDriver: chrome on windows (55f7009014b74839852a77961464ae20)] -> xpath: //li[@class='active last']//a[normalize-space()='Desktops']]
2023-12-18 18:12:376 INFO  DesktopsPage :32 - Clicking On Build Your Computer link : [[ChromeDriver: chrome on windows (55f7009014b74839852a77961464ae20)] -> xpath: //h2[@class='product-title']//a[normalize-space()='Build your own computer']]
2023-12-18 18:12:588 INFO  BuildYourOwnComputerPage :65 - Selecting processor from drop-down : [[ChromeDriver: chrome on windows (55f7009014b74839852a77961464ae20)] -> xpath: //select[@id='product_attribute_1']]
2023-12-18 18:12:808 INFO  BuildYourOwnComputerPage :70 - Selecting RAM from drop-down : [[ChromeDriver: chrome on windows (55f7009014b74839852a77961464ae20)] -> xpath: //select[@id='product_attribute_2']]
2023-12-18 18:12:937 INFO  BuildYourOwnComputerPage :80 - Selecting 400GB HDD : [[ChromeDriver: chrome on windows (55f7009014b74839852a77961464ae20)] -> xpath: //input[@id='product_attribute_3_7']]
2023-12-18 18:12:55 INFO  BuildYourOwnComputerPage :90 - Selecting Vista Premier OS : [[ChromeDriver: chrome on windows (55f7009014b74839852a77961464ae20)] -> xpath: //input[@id='product_attribute_4_9']]
2023-12-18 18:12:170 INFO  BuildYourOwnComputerPage :95 - Clicking on Microsoft Office Software : [[ChromeDriver: chrome on windows (55f7009014b74839852a77961464ae20)] -> xpath: //input[@id='product_attribute_5_10']]
2023-12-18 18:12:284 INFO  BuildYourOwnComputerPage :100 - Clicking on Acrobat Reader Software : [[ChromeDriver: chrome on windows (55f7009014b74839852a77961464ae20)] -> xpath: //input[@id='product_attribute_5_11']]
2023-12-18 18:12:388 INFO  BuildYourOwnComputerPage :110 - Clicking on Add to Cart : [[ChromeDriver: chrome on windows (55f7009014b74839852a77961464ae20)] -> xpath: //button[@id='add-to-cart-button-1']]
2023-12-18 18:12:72 INFO  BuildYourOwnComputerPage :114 - Getting Add to cart success message : [[ChromeDriver: chrome on windows (55f7009014b74839852a77961464ae20)] -> xpath: //p[@class='content']]
2023-12-18 18:12:848 INFO  HomePage :41 - Clicking on computer page link : [[ChromeDriver: chrome on windows (edc4416b065dfc4acbff1f6d286b48be)] -> xpath: //ul[@class='top-menu notmobile']//a[normalize-space()='Computers']]
2023-12-18 18:12:472 INFO  ComputerPage :32 - Clicking On Desktops menu : [[ChromeDriver: chrome on windows (edc4416b065dfc4acbff1f6d286b48be)] -> xpath: //li[@class='active last']//a[normalize-space()='Desktops']]
2023-12-18 18:12:129 INFO  DesktopsPage :32 - Clicking On Build Your Computer link : [[ChromeDriver: chrome on windows (edc4416b065dfc4acbff1f6d286b48be)] -> xpath: //h2[@class='product-title']//a[normalize-space()='Build your own computer']]
2023-12-18 18:12:315 INFO  BuildYourOwnComputerPage :65 - Selecting processor from drop-down : [[ChromeDriver: chrome on windows (edc4416b065dfc4acbff1f6d286b48be)] -> xpath: //select[@id='product_attribute_1']]
2023-12-18 18:12:537 INFO  BuildYourOwnComputerPage :70 - Selecting RAM from drop-down : [[ChromeDriver: chrome on windows (edc4416b065dfc4acbff1f6d286b48be)] -> xpath: //select[@id='product_attribute_2']]
2023-12-18 18:12:666 INFO  BuildYourOwnComputerPage :75 - Selecting 320GB HDD : [[ChromeDriver: chrome on windows (edc4416b065dfc4acbff1f6d286b48be)] -> xpath: //input[@id='product_attribute_3_6']]
2023-12-18 18:12:806 INFO  BuildYourOwnComputerPage :90 - Selecting Vista Premier OS : [[ChromeDriver: chrome on windows (edc4416b065dfc4acbff1f6d286b48be)] -> xpath: //input[@id='product_attribute_4_9']]
2023-12-18 18:12:926 INFO  BuildYourOwnComputerPage :95 - Clicking on Microsoft Office Software : [[ChromeDriver: chrome on windows (edc4416b065dfc4acbff1f6d286b48be)] -> xpath: //input[@id='product_attribute_5_10']]
2023-12-18 18:12:46 INFO  BuildYourOwnComputerPage :105 - Clicking on Total Commander Software : [[ChromeDriver: chrome on windows (edc4416b065dfc4acbff1f6d286b48be)] -> xpath: //input[@id='product_attribute_5_12']]
2023-12-18 18:12:157 INFO  BuildYourOwnComputerPage :110 - Clicking on Add to Cart : [[ChromeDriver: chrome on windows (edc4416b065dfc4acbff1f6d286b48be)] -> xpath: //button[@id='add-to-cart-button-1']]
2023-12-18 18:12:822 INFO  BuildYourOwnComputerPage :114 - Getting Add to cart success message : [[ChromeDriver: chrome on windows (edc4416b065dfc4acbff1f6d286b48be)] -> xpath: //p[@class='content']]
2023-12-18 18:12:36 INFO  HomePage :51 - Clicking on login link : [[ChromeDriver: chrome on windows (cebc346a9d99d476886eb810eac44e5f)] -> xpath: //a[normalize-space()='Log in']]
2023-12-18 18:12:251 INFO  LoginPage :45 - Sending text to email field : [[ChromeDriver: chrome on windows (cebc346a9d99d476886eb810eac44e5f)] -> id: Email]
2023-12-18 18:12:409 INFO  LoginPage :50 - Sending text to password field : [[ChromeDriver: chrome on windows (cebc346a9d99d476886eb810eac44e5f)] -> id: Password]
2023-12-18 18:12:895 INFO  LoginPage :55 - Clicking on login button : [[ChromeDriver: chrome on windows (cebc346a9d99d476886eb810eac44e5f)] -> xpath: //button[normalize-space()='Log in']]
2023-12-18 18:12:140 INFO  HomePage :51 - Clicking on login link : [[ChromeDriver: chrome on windows (94d36054d1c6dbf0d77890825a14b33f)] -> xpath: //a[normalize-space()='Log in']]
2023-12-18 18:12:362 INFO  LoginPage :45 - Sending text to email field : [[ChromeDriver: chrome on windows (94d36054d1c6dbf0d77890825a14b33f)] -> id: Email]
2023-12-18 18:12:529 INFO  LoginPage :50 - Sending text to password field : [[ChromeDriver: chrome on windows (94d36054d1c6dbf0d77890825a14b33f)] -> id: Password]
2023-12-18 18:12:995 INFO  LoginPage :55 - Clicking on login button : [[ChromeDriver: chrome on windows (94d36054d1c6dbf0d77890825a14b33f)] -> xpath: //button[normalize-space()='Log in']]
2023-12-18 18:12:49 INFO  RegisterPage :152 - Clicking on male radio button : [[ChromeDriver: chrome on windows (e04fb774ffa2cb46bd0e090abfa408a1)] -> id: gender-male]
2023-12-18 18:12:194 INFO  RegisterPage :92 - Sending text to firstname field : [[ChromeDriver: chrome on windows (e04fb774ffa2cb46bd0e090abfa408a1)] -> xpath: //input[@id='FirstName']]
2023-12-18 18:12:333 INFO  RegisterPage :97 - Sending text to lastname field : [[ChromeDriver: chrome on windows (e04fb774ffa2cb46bd0e090abfa408a1)] -> xpath: //input[@id='LastName']]
2023-12-18 18:12:19 INFO  HomePage :51 - Clicking on login link : [[ChromeDriver: chrome on windows (d884e50df8374d162c3f11f1ad289605)] -> xpath: //a[normalize-space()='Log in']]
2023-12-18 18:12:229 INFO  LoginPage :45 - Sending text to email field : [[ChromeDriver: chrome on windows (d884e50df8374d162c3f11f1ad289605)] -> id: Email]
2023-12-18 18:12:389 INFO  LoginPage :50 - Sending text to password field : [[ChromeDriver: chrome on windows (d884e50df8374d162c3f11f1ad289605)] -> id: Password]
2023-12-18 18:12:879 INFO  LoginPage :55 - Clicking on login button : [[ChromeDriver: chrome on windows (d884e50df8374d162c3f11f1ad289605)] -> xpath: //button[normalize-space()='Log in']]
2023-12-18 18:12:528 INFO  HomePage :41 - Clicking on computer page link : [[ChromeDriver: chrome on windows (8929db59841d328d29136e63f9493b3b)] -> xpath: //ul[@class='top-menu notmobile']//a[normalize-space()='Computers']]
2023-12-18 18:12:349 INFO  ComputerPage :32 - Clicking On Desktops menu : [[ChromeDriver: chrome on windows (8929db59841d328d29136e63f9493b3b)] -> xpath: //li[@class='active last']//a[normalize-space()='Desktops']]
2023-12-18 18:12:994 INFO  DesktopsPage :32 - Clicking On Build Your Computer link : [[ChromeDriver: chrome on windows (8929db59841d328d29136e63f9493b3b)] -> xpath: //h2[@class='product-title']//a[normalize-space()='Build your own computer']]
2023-12-18 18:12:295 INFO  BuildYourOwnComputerPage :65 - Selecting processor from drop-down : [[ChromeDriver: chrome on windows (8929db59841d328d29136e63f9493b3b)] -> xpath: //select[@id='product_attribute_1']]
2023-12-18 18:12:484 INFO  BuildYourOwnComputerPage :70 - Selecting RAM from drop-down : [[ChromeDriver: chrome on windows (8929db59841d328d29136e63f9493b3b)] -> xpath: //select[@id='product_attribute_2']]
2023-12-18 18:12:612 INFO  BuildYourOwnComputerPage :75 - Selecting 320GB HDD : [[ChromeDriver: chrome on windows (8929db59841d328d29136e63f9493b3b)] -> xpath: //input[@id='product_attribute_3_6']]
2023-12-18 18:12:733 INFO  BuildYourOwnComputerPage :85 - Selecting Vista Home OS : [[ChromeDriver: chrome on windows (8929db59841d328d29136e63f9493b3b)] -> xpath: //input[@id='product_attribute_4_8']]
2023-12-18 18:12:851 INFO  BuildYourOwnComputerPage :95 - Clicking on Microsoft Office Software : [[ChromeDriver: chrome on windows (8929db59841d328d29136e63f9493b3b)] -> xpath: //input[@id='product_attribute_5_10']]
2023-12-18 18:12:946 INFO  BuildYourOwnComputerPage :95 - Clicking on Microsoft Office Software : [[ChromeDriver: chrome on windows (8929db59841d328d29136e63f9493b3b)] -> xpath: //input[@id='product_attribute_5_10']]
2023-12-18 18:12:61 INFO  BuildYourOwnComputerPage :110 - Clicking on Add to Cart : [[ChromeDriver: chrome on windows (8929db59841d328d29136e63f9493b3b)] -> xpath: //button[@id='add-to-cart-button-1']]
2023-12-18 18:12:756 INFO  BuildYourOwnComputerPage :114 - Getting Add to cart success message : [[ChromeDriver: chrome on windows (8929db59841d328d29136e63f9493b3b)] -> xpath: //p[@class='content']]
2023-12-18 18:12:872 INFO  HomePage :41 - Clicking on computer page link : [[ChromeDriver: chrome on windows (622273c36637b688bdd8422f323eebcb)] -> xpath: //ul[@class='top-menu notmobile']//a[normalize-space()='Computers']]
2023-12-18 18:12:619 INFO  ComputerPage :32 - Clicking On Desktops menu : [[ChromeDriver: chrome on windows (622273c36637b688bdd8422f323eebcb)] -> xpath: //li[@class='active last']//a[normalize-space()='Desktops']]
2023-12-18 18:12:295 INFO  DesktopsPage :32 - Clicking On Build Your Computer link : [[ChromeDriver: chrome on windows (622273c36637b688bdd8422f323eebcb)] -> xpath: //h2[@class='product-title']//a[normalize-space()='Build your own computer']]
2023-12-18 18:12:489 INFO  BuildYourOwnComputerPage :65 - Selecting processor from drop-down : [[ChromeDriver: chrome on windows (622273c36637b688bdd8422f323eebcb)] -> xpath: //select[@id='product_attribute_1']]
2023-12-18 18:12:700 INFO  BuildYourOwnComputerPage :70 - Selecting RAM from drop-down : [[ChromeDriver: chrome on windows (622273c36637b688bdd8422f323eebcb)] -> xpath: //select[@id='product_attribute_2']]
2023-12-18 18:12:824 INFO  BuildYourOwnComputerPage :80 - Selecting 400GB HDD : [[ChromeDriver: chrome on windows (622273c36637b688bdd8422f323eebcb)] -> xpath: //input[@id='product_attribute_3_7']]
2023-12-18 18:12:933 INFO  BuildYourOwnComputerPage :90 - Selecting Vista Premier OS : [[ChromeDriver: chrome on windows (622273c36637b688bdd8422f323eebcb)] -> xpath: //input[@id='product_attribute_4_9']]
2023-12-18 18:12:50 INFO  BuildYourOwnComputerPage :95 - Clicking on Microsoft Office Software : [[ChromeDriver: chrome on windows (622273c36637b688bdd8422f323eebcb)] -> xpath: //input[@id='product_attribute_5_10']]
2023-12-18 18:12:162 INFO  BuildYourOwnComputerPage :100 - Clicking on Acrobat Reader Software : [[ChromeDriver: chrome on windows (622273c36637b688bdd8422f323eebcb)] -> xpath: //input[@id='product_attribute_5_11']]
2023-12-18 18:12:284 INFO  BuildYourOwnComputerPage :110 - Clicking on Add to Cart : [[ChromeDriver: chrome on windows (622273c36637b688bdd8422f323eebcb)] -> xpath: //button[@id='add-to-cart-button-1']]
2023-12-18 18:12:544 INFO  BuildYourOwnComputerPage :114 - Getting Add to cart success message : [[ChromeDriver: chrome on windows (622273c36637b688bdd8422f323eebcb)] -> xpath: //p[@class='content']]
2023-12-18 18:12:345 INFO  HomePage :41 - Clicking on computer page link : [[ChromeDriver: chrome on windows (169e8e954cb29a8a3c212e1a25f4780d)] -> xpath: //ul[@class='top-menu notmobile']//a[normalize-space()='Computers']]
2023-12-18 18:12:11 INFO  ComputerPage :32 - Clicking On Desktops menu : [[ChromeDriver: chrome on windows (169e8e954cb29a8a3c212e1a25f4780d)] -> xpath: //li[@class='active last']//a[normalize-space()='Desktops']]
2023-12-18 18:12:604 INFO  DesktopsPage :32 - Clicking On Build Your Computer link : [[ChromeDriver: chrome on windows (169e8e954cb29a8a3c212e1a25f4780d)] -> xpath: //h2[@class='product-title']//a[normalize-space()='Build your own computer']]
2023-12-18 18:12:819 INFO  BuildYourOwnComputerPage :65 - Selecting processor from drop-down : [[ChromeDriver: chrome on windows (169e8e954cb29a8a3c212e1a25f4780d)] -> xpath: //select[@id='product_attribute_1']]
2023-12-18 18:12:25 INFO  BuildYourOwnComputerPage :70 - Selecting RAM from drop-down : [[ChromeDriver: chrome on windows (169e8e954cb29a8a3c212e1a25f4780d)] -> xpath: //select[@id='product_attribute_2']]
2023-12-18 18:12:154 INFO  BuildYourOwnComputerPage :75 - Selecting 320GB HDD : [[ChromeDriver: chrome on windows (169e8e954cb29a8a3c212e1a25f4780d)] -> xpath: //input[@id='product_attribute_3_6']]
2023-12-18 18:12:272 INFO  BuildYourOwnComputerPage :90 - Selecting Vista Premier OS : [[ChromeDriver: chrome on windows (169e8e954cb29a8a3c212e1a25f4780d)] -> xpath: //input[@id='product_attribute_4_9']]
2023-12-18 18:12:390 INFO  BuildYourOwnComputerPage :95 - Clicking on Microsoft Office Software : [[ChromeDriver: chrome on windows (169e8e954cb29a8a3c212e1a25f4780d)] -> xpath: //input[@id='product_attribute_5_10']]
2023-12-18 18:12:514 INFO  BuildYourOwnComputerPage :105 - Clicking on Total Commander Software : [[ChromeDriver: chrome on windows (169e8e954cb29a8a3c212e1a25f4780d)] -> xpath: //input[@id='product_attribute_5_12']]
2023-12-18 18:12:628 INFO  BuildYourOwnComputerPage :110 - Clicking on Add to Cart : [[ChromeDriver: chrome on windows (169e8e954cb29a8a3c212e1a25f4780d)] -> xpath: //button[@id='add-to-cart-button-1']]
2023-12-18 18:12:921 INFO  BuildYourOwnComputerPage :114 - Getting Add to cart success message : [[ChromeDriver: chrome on windows (169e8e954cb29a8a3c212e1a25f4780d)] -> xpath: //p[@class='content']]
2023-12-18 18:12:716 INFO  HomePage :51 - Clicking on login link : [[ChromeDriver: chrome on windows (34426b226fba9ac85d4424fdcb40ec8d)] -> xpath: //a[normalize-space()='Log in']]
2023-12-18 18:12:909 INFO  LoginPage :45 - Sending text to email field : [[ChromeDriver: chrome on windows (34426b226fba9ac85d4424fdcb40ec8d)] -> id: Email]
2023-12-18 18:12:55 INFO  LoginPage :50 - Sending text to password field : [[ChromeDriver: chrome on windows (34426b226fba9ac85d4424fdcb40ec8d)] -> id: Password]
2023-12-18 18:12:559 INFO  LoginPage :55 - Clicking on login button : [[ChromeDriver: chrome on windows (34426b226fba9ac85d4424fdcb40ec8d)] -> xpath: //button[normalize-space()='Log in']]
2023-12-18 18:12:673 INFO  HomePage :51 - Clicking on login link : [[ChromeDriver: chrome on windows (ebb120ba84959b521d18e478b258f008)] -> xpath: //a[normalize-space()='Log in']]
2023-12-18 18:12:878 INFO  LoginPage :45 - Sending text to email field : [[ChromeDriver: chrome on windows (ebb120ba84959b521d18e478b258f008)] -> id: Email]
2023-12-18 18:12:38 INFO  LoginPage :50 - Sending text to password field : [[ChromeDriver: chrome on windows (ebb120ba84959b521d18e478b258f008)] -> id: Password]
2023-12-18 18:12:517 INFO  LoginPage :55 - Clicking on login button : [[ChromeDriver: chrome on windows (ebb120ba84959b521d18e478b258f008)] -> xpath: //button[normalize-space()='Log in']]
2023-12-18 18:12:370 INFO  RegisterPage :152 - Clicking on male radio button : [[ChromeDriver: chrome on windows (58f8df1a377776965a9426ed445f32fd)] -> id: gender-male]
2023-12-18 18:12:525 INFO  RegisterPage :92 - Sending text to firstname field : [[ChromeDriver: chrome on windows (58f8df1a377776965a9426ed445f32fd)] -> xpath: //input[@id='FirstName']]
2023-12-18 18:12:675 INFO  RegisterPage :97 - Sending text to lastname field : [[ChromeDriver: chrome on windows (58f8df1a377776965a9426ed445f32fd)] -> xpath: //input[@id='LastName']]
2023-12-18 18:12:334 INFO  HomePage :41 - Clicking on computer page link : [[ChromeDriver: chrome on windows (668086f46034131dc2b42a4baabf7b69)] -> xpath: //ul[@class='top-menu notmobile']//a[normalize-space()='Computers']]
2023-12-18 18:12:999 INFO  ComputerPage :32 - Clicking On Desktops menu : [[ChromeDriver: chrome on windows (668086f46034131dc2b42a4baabf7b69)] -> xpath: //li[@class='active last']//a[normalize-space()='Desktops']]
2023-12-18 18:12:666 INFO  DesktopsPage :32 - Clicking On Build Your Computer link : [[ChromeDriver: chrome on windows (668086f46034131dc2b42a4baabf7b69)] -> xpath: //h2[@class='product-title']//a[normalize-space()='Build your own computer']]
2023-12-18 18:12:951 INFO  BuildYourOwnComputerPage :65 - Selecting processor from drop-down : [[ChromeDriver: chrome on windows (668086f46034131dc2b42a4baabf7b69)] -> xpath: //select[@id='product_attribute_1']]
2023-12-18 18:12:127 INFO  BuildYourOwnComputerPage :70 - Selecting RAM from drop-down : [[ChromeDriver: chrome on windows (668086f46034131dc2b42a4baabf7b69)] -> xpath: //select[@id='product_attribute_2']]
2023-12-18 18:12:258 INFO  BuildYourOwnComputerPage :75 - Selecting 320GB HDD : [[ChromeDriver: chrome on windows (668086f46034131dc2b42a4baabf7b69)] -> xpath: //input[@id='product_attribute_3_6']]
2023-12-18 18:12:369 INFO  BuildYourOwnComputerPage :85 - Selecting Vista Home OS : [[ChromeDriver: chrome on windows (668086f46034131dc2b42a4baabf7b69)] -> xpath: //input[@id='product_attribute_4_8']]
2023-12-18 18:12:483 INFO  BuildYourOwnComputerPage :95 - Clicking on Microsoft Office Software : [[ChromeDriver: chrome on windows (668086f46034131dc2b42a4baabf7b69)] -> xpath: //input[@id='product_attribute_5_10']]
2023-12-18 18:12:579 INFO  BuildYourOwnComputerPage :95 - Clicking on Microsoft Office Software : [[ChromeDriver: chrome on windows (668086f46034131dc2b42a4baabf7b69)] -> xpath: //input[@id='product_attribute_5_10']]
2023-12-18 18:12:694 INFO  BuildYourOwnComputerPage :110 - Clicking on Add to Cart : [[ChromeDriver: chrome on windows (668086f46034131dc2b42a4baabf7b69)] -> xpath: //button[@id='add-to-cart-button-1']]
2023-12-18 18:12:933 INFO  BuildYourOwnComputerPage :114 - Getting Add to cart success message : [[ChromeDriver: chrome on windows (668086f46034131dc2b42a4baabf7b69)] -> xpath: //p[@class='content']]
2023-12-18 18:12:565 INFO  HomePage :41 - Clicking on computer page link : [[ChromeDriver: chrome on windows (837ce73c8a6178c1de1f01dec4037bca)] -> xpath: //ul[@class='top-menu notmobile']//a[normalize-space()='Computers']]
2023-12-18 18:12:259 INFO  ComputerPage :32 - Clicking On Desktops menu : [[ChromeDriver: chrome on windows (837ce73c8a6178c1de1f01dec4037bca)] -> xpath: //li[@class='active last']//a[normalize-space()='Desktops']]
2023-12-18 18:12:36 INFO  DesktopsPage :32 - Clicking On Build Your Computer link : [[ChromeDriver: chrome on windows (837ce73c8a6178c1de1f01dec4037bca)] -> xpath: //h2[@class='product-title']//a[normalize-space()='Build your own computer']]
2023-12-18 18:12:198 INFO  BuildYourOwnComputerPage :65 - Selecting processor from drop-down : [[ChromeDriver: chrome on windows (837ce73c8a6178c1de1f01dec4037bca)] -> xpath: //select[@id='product_attribute_1']]
2023-12-18 18:12:396 INFO  BuildYourOwnComputerPage :70 - Selecting RAM from drop-down : [[ChromeDriver: chrome on windows (837ce73c8a6178c1de1f01dec4037bca)] -> xpath: //select[@id='product_attribute_2']]
2023-12-18 18:12:526 INFO  BuildYourOwnComputerPage :80 - Selecting 400GB HDD : [[ChromeDriver: chrome on windows (837ce73c8a6178c1de1f01dec4037bca)] -> xpath: //input[@id='product_attribute_3_7']]
2023-12-18 18:12:632 INFO  BuildYourOwnComputerPage :90 - Selecting Vista Premier OS : [[ChromeDriver: chrome on windows (837ce73c8a6178c1de1f01dec4037bca)] -> xpath: //input[@id='product_attribute_4_9']]
2023-12-18 18:12:740 INFO  BuildYourOwnComputerPage :95 - Clicking on Microsoft Office Software : [[ChromeDriver: chrome on windows (837ce73c8a6178c1de1f01dec4037bca)] -> xpath: //input[@id='product_attribute_5_10']]
2023-12-18 18:12:842 INFO  BuildYourOwnComputerPage :100 - Clicking on Acrobat Reader Software : [[ChromeDriver: chrome on windows (837ce73c8a6178c1de1f01dec4037bca)] -> xpath: //input[@id='product_attribute_5_11']]
2023-12-18 18:12:955 INFO  BuildYourOwnComputerPage :110 - Clicking on Add to Cart : [[ChromeDriver: chrome on windows (837ce73c8a6178c1de1f01dec4037bca)] -> xpath: //button[@id='add-to-cart-button-1']]
2023-12-18 18:12:139 INFO  BuildYourOwnComputerPage :114 - Getting Add to cart success message : [[ChromeDriver: chrome on windows (837ce73c8a6178c1de1f01dec4037bca)] -> xpath: //p[@class='content']]
2023-12-18 18:12:122 INFO  HomePage :41 - Clicking on computer page link : [[ChromeDriver: chrome on windows (c2472f91124250fb6160582336d85a85)] -> xpath: //ul[@class='top-menu notmobile']//a[normalize-space()='Computers']]
2023-12-18 18:12:35 INFO  ComputerPage :32 - Clicking On Desktops menu : [[ChromeDriver: chrome on windows (c2472f91124250fb6160582336d85a85)] -> xpath: //li[@class='active last']//a[normalize-space()='Desktops']]
2023-12-18 18:12:837 INFO  DesktopsPage :32 - Clicking On Build Your Computer link : [[ChromeDriver: chrome on windows (c2472f91124250fb6160582336d85a85)] -> xpath: //h2[@class='product-title']//a[normalize-space()='Build your own computer']]
2023-12-18 18:12:13 INFO  BuildYourOwnComputerPage :65 - Selecting processor from drop-down : [[ChromeDriver: chrome on windows (c2472f91124250fb6160582336d85a85)] -> xpath: //select[@id='product_attribute_1']]
2023-12-18 18:12:222 INFO  BuildYourOwnComputerPage :70 - Selecting RAM from drop-down : [[ChromeDriver: chrome on windows (c2472f91124250fb6160582336d85a85)] -> xpath: //select[@id='product_attribute_2']]
2023-12-18 18:12:353 INFO  BuildYourOwnComputerPage :75 - Selecting 320GB HDD : [[ChromeDriver: chrome on windows (c2472f91124250fb6160582336d85a85)] -> xpath: //input[@id='product_attribute_3_6']]
2023-12-18 18:12:480 INFO  BuildYourOwnComputerPage :90 - Selecting Vista Premier OS : [[ChromeDriver: chrome on windows (c2472f91124250fb6160582336d85a85)] -> xpath: //input[@id='product_attribute_4_9']]
2023-12-18 18:12:590 INFO  BuildYourOwnComputerPage :95 - Clicking on Microsoft Office Software : [[ChromeDriver: chrome on windows (c2472f91124250fb6160582336d85a85)] -> xpath: //input[@id='product_attribute_5_10']]
2023-12-18 18:12:698 INFO  BuildYourOwnComputerPage :105 - Clicking on Total Commander Software : [[ChromeDriver: chrome on windows (c2472f91124250fb6160582336d85a85)] -> xpath: //input[@id='product_attribute_5_12']]
2023-12-18 18:12:821 INFO  BuildYourOwnComputerPage :110 - Clicking on Add to Cart : [[ChromeDriver: chrome on windows (c2472f91124250fb6160582336d85a85)] -> xpath: //button[@id='add-to-cart-button-1']]
2023-12-18 18:12:62 INFO  BuildYourOwnComputerPage :114 - Getting Add to cart success message : [[ChromeDriver: chrome on windows (c2472f91124250fb6160582336d85a85)] -> xpath: //p[@class='content']]
2023-12-18 18:12:845 INFO  HomePage :51 - Clicking on login link : [[ChromeDriver: chrome on windows (b4d6a4654d8bcaf64277658f47e78231)] -> xpath: //a[normalize-space()='Log in']]
2023-12-18 18:12:61 INFO  LoginPage :45 - Sending text to email field : [[ChromeDriver: chrome on windows (b4d6a4654d8bcaf64277658f47e78231)] -> id: Email]
2023-12-18 18:12:204 INFO  LoginPage :50 - Sending text to password field : [[ChromeDriver: chrome on windows (b4d6a4654d8bcaf64277658f47e78231)] -> id: Password]
2023-12-18 18:12:712 INFO  LoginPage :55 - Clicking on login button : [[ChromeDriver: chrome on windows (b4d6a4654d8bcaf64277658f47e78231)] -> xpath: //button[normalize-space()='Log in']]
2023-12-18 18:12:320 INFO  HomePage :51 - Clicking on login link : [[ChromeDriver: chrome on windows (5a8721d246ef6889470a91f6fbfe049d)] -> xpath: //a[normalize-space()='Log in']]
2023-12-18 18:12:519 INFO  LoginPage :45 - Sending text to email field : [[ChromeDriver: chrome on windows (5a8721d246ef6889470a91f6fbfe049d)] -> id: Email]
2023-12-18 18:12:668 INFO  LoginPage :50 - Sending text to password field : [[ChromeDriver: chrome on windows (5a8721d246ef6889470a91f6fbfe049d)] -> id: Password]
2023-12-18 18:12:215 INFO  LoginPage :55 - Clicking on login button : [[ChromeDriver: chrome on windows (5a8721d246ef6889470a91f6fbfe049d)] -> xpath: //button[normalize-space()='Log in']]
2023-12-18 18:12:11 INFO  RegisterPage :152 - Clicking on male radio button : [[ChromeDriver: chrome on windows (7ed7669b36540b3ab0a4f31b6458c8da)] -> id: gender-male]
2023-12-18 18:12:158 INFO  RegisterPage :92 - Sending text to firstname field : [[ChromeDriver: chrome on windows (7ed7669b36540b3ab0a4f31b6458c8da)] -> xpath: //input[@id='FirstName']]
2023-12-18 18:12:295 INFO  RegisterPage :97 - Sending text to lastname field : [[ChromeDriver: chrome on windows (7ed7669b36540b3ab0a4f31b6458c8da)] -> xpath: //input[@id='LastName']]
